<?xml version="1.0" encoding="UTF-8"?>
<!-- Generated by org.testng.reporters.JUnitXMLReporter -->
<testsuite hostname="DESKTOP-G62UVEJ" ignored="0" name="Test" tests="1" failures="1" timestamp="2022-03-20T05:13:06 PDT" time="0.641" errors="0">
  <testcase name="getusername" time="0.0" classname="com.testng.prgms.testngparameter">
    <failure type="org.testng.TestNGException" message="
Cannot inject @Test annotated Method [getusername] with [class java.lang.String, class java.lang.String].
For more information on native dependency injection please refer to http://testng.org/doc/documentation-main.html#native-dependency-injection">
      <![CDATA[org.testng.TestNGException: 
Cannot inject @Test annotated Method [getusername] with [class java.lang.String, class java.lang.String].
For more information on native dependency injection please refer to http://testng.org/doc/documentation-main.html#native-dependency-injection
at java.util.ArrayList.forEach(Unknown Source)
... Removed 26 stack frames]]>
    </failure>
  </testcase> <!-- getusername -->
</testsuite> <!-- Test -->
